src/termcaps/line_jump.d
src/termcaps/input_cursor.d
src/termcaps/line_edit.d
src/termcaps/history_buffer.d
src/termcaps/input.d
src/shell/reading.d
src/shell/utils2.d
src/shell/utils.d
src/shell/signals2.d
src/shell/signals.d
src/shell/main.d
src/shell/flavor.d
src/shell/error.d
src/shell/builtin.d
src/exec/subshell.d
src/exec/exec3.d
src/exec/exec2.d
src/exec/exec.d
src/env/rc.d
src/env/env.d
src/env/env2.d
src/env/auto.d
src/env/alias.d
src/ast/tree_redir2.d
src/ast/tree_traverse.d
src/ast/tree_redir.d
src/ast/parser_utils.d
src/ast/parser_create.d
src/ast/parser_classify.d
src/ast/parser.d
src/ast/lexer_create.d
src/ast/lexer_op_handler.d
src/ast/lexer_redirection.d
src/ast/lexer.d
src/termcaps/line_jump.d
src/termcaps/input_cursor.d
src/termcaps/input.d
src/termcaps/input.d
src/termcaps/input_cursor.d
src/termcaps/input_cursor.d
