ft_printf/parse_wchar.d
ft_printf/parse_d.d
ft_printf/parse_chars.d
ft_printf/flags.d
ft_printf/parse_u.d
ft_printf/print_buffer.d
ft_printf/tools.d
ft_printf/ft_printf.d
src/ft_strcat_cpy.d
src/ft_uitoa_base.d
src/ft_cntdigit.d
src/ft_atoi_base.d
src/ft_isnumber.d
src/ft_termcap.d
src/ft_strsplit_space.d
src/ft_cntwords_space.d
src/ft_isspace.d
src/ft_realloc.d
src/ft_checkifc.d
src/ft_readstdin_line.d
src/ft_returnfree.d
src/ft_strndup.d
src/ft_makepath.d
src/ft_arraydel.d
src/get_next_line.d
src/ft_itoa_base.d
src/ft_strcase.d
src/ft_isupper.d
src/ft_cntwords.d
src/ft_lstmap.d
src/ft_lstiter.d
src/ft_lstadd.d
src/ft_lstdel.d
src/ft_lstdelone.d
src/ft_lstnew.d
src/ft_putnbr_fd.d
src/ft_putendl_fd.d
src/ft_putstr_fd.d
src/ft_putchar_fd.d
src/ft_putnbr.d
src/ft_putendl.d
src/ft_putstr.d
src/ft_putchar.d
src/ft_itoa.d
src/ft_strsplit.d
src/ft_strtrim.d
src/ft_strjoin.d
src/ft_strsub.d
src/ft_strnequ.d
src/ft_strequ.d
src/ft_strmapi.d
src/ft_strmap.d
src/ft_striteri.d
src/ft_striter.d
src/ft_strclr.d
src/ft_strdel.d
src/ft_strnew.d
src/ft_memdel.d
src/ft_memalloc.d
src/ft_tolower.d
src/ft_toupper.d
src/ft_isprint.d
src/ft_isascii.d
src/ft_isalnum.d
src/ft_isdigit.d
src/ft_isalpha.d
src/ft_atoi.d
src/ft_strncmp.d
src/ft_strcmp.d
src/ft_strnstr.d
src/ft_strstr.d
src/ft_strrchr.d
src/ft_strchr.d
src/ft_strlcat.d
src/ft_strncat.d
src/ft_strcat.d
src/ft_strncpy.d
src/ft_strcpy.d
src/ft_strdup.d
src/ft_strlen.d
src/ft_memcmp.d
src/ft_memchr.d
src/ft_memmove.d
src/ft_memccpy.d
src/ft_memcpy.d
src/ft_bzero.d
src/ft_memset.d
